#
# There is insufficient memory for the Java Runtime Environment to continue.
# Native memory allocation (malloc) failed to allocate 231216 bytes. Error detail: Chunk::new
# Possible reasons:
#   The system is out of physical RAM or swap space
#   This process is running with CompressedOops enabled, and the Java Heap may be blocking the growth of the native heap
# Possible solutions:
#   Reduce memory load on the system
#   Increase physical memory or swap space
#   Check if swap backing store is full
#   Decrease Java heap size (-Xmx/-Xms)
#   Decrease number of Java threads
#   Decrease Java thread stack sizes (-Xss)
#   Set larger code cache with -XX:ReservedCodeCacheSize=
#   JVM is running with Unscaled Compressed Oops mode in which the Java heap is
#     placed in the first 4GB address space. The Java Heap base address is the
#     maximum limit for the native heap growth. Please use -XX:HeapBaseMinAddress
#     to set the Java Heap base and to place the Java Heap above 4GB virtual address.
# This output file may be truncated or incomplete.
#
#  Out of Memory Error (arena.cpp:168), pid=8272, tid=16144
#
# JRE version: OpenJDK Runtime Environment Temurin-21.0.10+7 (21.0.10+7) (build 21.0.10+7-LTS)
# Java VM: OpenJDK 64-Bit Server VM Temurin-21.0.10+7 (21.0.10+7-LTS, mixed mode, sharing, tiered, compressed oops, compressed class ptrs, parallel gc, windows-amd64)
# No core dump will be written. Minidumps are not enabled by default on client versions of Windows
#

---------------  S U M M A R Y ------------

Command Line: --add-modules=ALL-SYSTEM --add-opens=java.base/java.util=ALL-UNNAMED --add-opens=java.base/java.lang=ALL-UNNAMED --add-opens=java.base/sun.nio.fs=ALL-UNNAMED -Declipse.application=org.eclipse.jdt.ls.core.id1 -Dosgi.bundles.defaultStartLevel=4 -Declipse.product=org.eclipse.jdt.ls.core.product -Djava.import.generatesMetadataFilesAtProjectRoot=false -DDetectVMInstallationsJob.disabled=true -Dfile.encoding=utf8 -XX:+UseParallelGC -XX:GCTimeRatio=4 -XX:AdaptiveSizePolicyWeight=90 -Dsun.zip.disableMemoryMapping=true -Xmx2G -Xms100m -Xlog:disable -javaagent:c:\Users\abbak\.antigravity\extensions\redhat.java-1.54.0-win32-x64\lombok\lombok-1.18.39-4050.jar -XX:+HeapDumpOnOutOfMemoryError -XX:HeapDumpPath=c:\Users\abbak\AppData\Roaming\Antigravity\User\workspaceStorage\c9649ad97d6029ecd1b4d14c217347ca\redhat.java -Daether.dependencyCollector.impl=bf c:\Users\abbak\.antigravity\extensions\redhat.java-1.54.0-win32-x64\server\plugins\org.eclipse.equinox.launcher_1.7.100.v20251111-0406.jar -configuration c:\Users\abbak\AppData\Roaming\Antigravity\User\globalStorage\redhat.java\1.54.0\config_win -data c:\Users\abbak\AppData\Roaming\Antigravity\User\workspaceStorage\c9649ad97d6029ecd1b4d14c217347ca\redhat.java\jdt_ws --pipe=\\.\pipe\lsp-7d80cf264de01040d23a18c51dc31902-sock

Host: Intel(R) Core(TM) i5-6300U CPU @ 2.40GHz, 4 cores, 7G,  Windows 10 , 64 bit Build 19041 (10.0.19041.5915)
Time: Sun Apr 26 19:04:16 2026 E. Africa Standard Time elapsed time: 46.888110 seconds (0d 0h 0m 46s)

---------------  T H R E A D  ---------------

Current thread (0x00000299783aa170):  JavaThread "C2 CompilerThread0" daemon [_thread_in_native, id=16144, stack(0x000000a257e00000,0x000000a257f00000) (1024K)]


Current CompileTask:
C2:46888 7669   !   4       com.sun.crypto.provider.GaloisCounterMode$GCMDecrypt::doFinal (628 bytes)

Stack: [0x000000a257e00000,0x000000a257f00000]
Native frames: (J=compiled Java code, j=interpreted, Vv=VM code, C=native code)
V  [jvm.dll+0x6d7a39]
V  [jvm.dll+0x8b4b26]
V  [jvm.dll+0x8b70de]
V  [jvm.dll+0x8b77c3]
V  [jvm.dll+0x284346]
V  [jvm.dll+0xc66ed]
V  [jvm.dll+0xc6c31]
V  [jvm.dll+0x3bec01]
V  [jvm.dll+0x1e396e]
V  [jvm.dll+0x24c6b3]
V  [jvm.dll+0x24bb40]
V  [jvm.dll+0x1cb34e]
V  [jvm.dll+0x25b85d]
V  [jvm.dll+0x259dea]
V  [jvm.dll+0x3f857e]
V  [jvm.dll+0x85f59d]
V  [jvm.dll+0x6d626d]
C  [ucrtbase.dll+0x21bb2]
C  [KERNEL32.DLL+0x17374]
C  [ntdll.dll+0x4cc91]


---------------  P R O C E S S  ---------------

Threads class SMR info:
_java_thread_list=0x000002997f47d2f0, length=38, elements={
0x000002995f6a6000, 0x00000299783a0030, 0x00000299783a1750, 0x00000299783a4e80,
0x00000299783a5d60, 0x00000299783a88d0, 0x00000299783a9330, 0x00000299783aa170,
0x0000029978421970, 0x0000029979188180, 0x00000299792b5550, 0x0000029979468c50,
0x0000029979998ae0, 0x000002997988b770, 0x000002997988c1b0, 0x00000299795e9e70,
0x000002997e0d2830, 0x000002997e4520e0, 0x0000029979c05480, 0x0000029979c061a0,
0x0000029979c06ec0, 0x0000029979c07be0, 0x0000029979c05b10, 0x0000029979c08900,
0x000002997e698a10, 0x000002997e6990a0, 0x000002997e697cf0, 0x000002997e699dc0,
0x000002997e699730, 0x000002997e692e30, 0x000002997e694870, 0x000002997e698380,
0x000002997e693b50, 0x000002997e6934c0, 0x000002997e697660, 0x000002997f1772e0,
0x000002997f178690, 0x000002997f17b480
}

Java Threads: ( => current thread )
  0x000002995f6a6000 JavaThread "main"                              [_thread_blocked, id=12984, stack(0x000000a257400000,0x000000a257500000) (1024K)]
  0x00000299783a0030 JavaThread "Reference Handler"          daemon [_thread_blocked, id=3800, stack(0x000000a257800000,0x000000a257900000) (1024K)]
  0x00000299783a1750 JavaThread "Finalizer"                  daemon [_thread_blocked, id=2668, stack(0x000000a257900000,0x000000a257a00000) (1024K)]
  0x00000299783a4e80 JavaThread "Signal Dispatcher"          daemon [_thread_blocked, id=2456, stack(0x000000a257a00000,0x000000a257b00000) (1024K)]
  0x00000299783a5d60 JavaThread "Attach Listener"            daemon [_thread_blocked, id=11956, stack(0x000000a257b00000,0x000000a257c00000) (1024K)]
  0x00000299783a88d0 JavaThread "Service Thread"             daemon [_thread_blocked, id=11700, stack(0x000000a257c00000,0x000000a257d00000) (1024K)]
  0x00000299783a9330 JavaThread "Monitor Deflation Thread"   daemon [_thread_blocked, id=12088, stack(0x000000a257d00000,0x000000a257e00000) (1024K)]
=>0x00000299783aa170 JavaThread "C2 CompilerThread0"         daemon [_thread_in_native, id=16144, stack(0x000000a257e00000,0x000000a257f00000) (1024K)]
  0x0000029978421970 JavaThread "C1 CompilerThread0"         daemon [_thread_blocked, id=16704, stack(0x000000a257f00000,0x000000a258000000) (1024K)]
  0x0000029979188180 JavaThread "Common-Cleaner"             daemon [_thread_blocked, id=18184, stack(0x000000a258000000,0x000000a258100000) (1024K)]
  0x00000299792b5550 JavaThread "Notification Thread"        daemon [_thread_blocked, id=17684, stack(0x000000a258100000,0x000000a258200000) (1024K)]
  0x0000029979468c50 JavaThread "Active Thread: Equinox Container: bb980e49-4c57-44b6-97ee-5639f922bc13"        [_thread_blocked, id=6292, stack(0x000000a258500000,0x000000a258600000) (1024K)]
  0x0000029979998ae0 JavaThread "Refresh Thread: Equinox Container: bb980e49-4c57-44b6-97ee-5639f922bc13" daemon [_thread_blocked, id=4872, stack(0x000000a258600000,0x000000a258700000) (1024K)]
  0x000002997988b770 JavaThread "Framework Event Dispatcher: Equinox Container: bb980e49-4c57-44b6-97ee-5639f922bc13" daemon [_thread_blocked, id=14024, stack(0x000000a258700000,0x000000a258800000) (1024K)]
  0x000002997988c1b0 JavaThread "Start Level: Equinox Container: bb980e49-4c57-44b6-97ee-5639f922bc13" daemon [_thread_blocked, id=1808, stack(0x000000a258800000,0x000000a258900000) (1024K)]
  0x00000299795e9e70 JavaThread "Bundle File Closer"         daemon [_thread_blocked, id=608, stack(0x000000a258a00000,0x000000a258b00000) (1024K)]
  0x000002997e0d2830 JavaThread "SCR Component Actor"        daemon [_thread_blocked, id=15604, stack(0x000000a258900000,0x000000a258a00000) (1024K)]
  0x000002997e4520e0 JavaThread "Worker-JM"                         [_thread_blocked, id=9924, stack(0x000000a258b00000,0x000000a258c00000) (1024K)]
  0x0000029979c05480 JavaThread "Worker-0: Initialize Workspace"        [_thread_blocked, id=17376, stack(0x000000a258c00000,0x000000a258d00000) (1024K)]
  0x0000029979c061a0 JavaThread "Worker-1"                          [_thread_blocked, id=5196, stack(0x000000a258d00000,0x000000a258e00000) (1024K)]
  0x0000029979c06ec0 JavaThread "Worker-2"                          [_thread_blocked, id=4824, stack(0x000000a258e00000,0x000000a258f00000) (1024K)]
  0x0000029979c07be0 JavaThread "Worker-3"                          [_thread_blocked, id=4120, stack(0x000000a259000000,0x000000a259100000) (1024K)]
  0x0000029979c05b10 JavaThread "Java indexing"              daemon [_thread_blocked, id=808, stack(0x000000a259100000,0x000000a259200000) (1024K)]
  0x0000029979c08900 JavaThread "JNA Cleaner"                daemon [_thread_blocked, id=9196, stack(0x000000a259200000,0x000000a259300000) (1024K)]
  0x000002997e698a10 JavaThread "Worker-4"                          [_thread_blocked, id=7464, stack(0x000000a259500000,0x000000a259600000) (1024K)]
  0x000002997e6990a0 JavaThread "Worker-5"                          [_thread_blocked, id=11628, stack(0x000000a259600000,0x000000a259700000) (1024K)]
  0x000002997e697cf0 JavaThread "Thread-1"                   daemon [_thread_in_native, id=8024, stack(0x000000a259700000,0x000000a259800000) (1024K)]
  0x000002997e699dc0 JavaThread "Thread-2"                   daemon [_thread_in_native, id=10668, stack(0x000000a259800000,0x000000a259900000) (1024K)]
  0x000002997e699730 JavaThread "Thread-3"                   daemon [_thread_in_native, id=5188, stack(0x000000a259900000,0x000000a259a00000) (1024K)]
  0x000002997e692e30 JavaThread "Thread-4"                   daemon [_thread_in_native, id=16404, stack(0x000000a259a00000,0x000000a259b00000) (1024K)]
  0x000002997e694870 JavaThread "Thread-5"                   daemon [_thread_in_native, id=244, stack(0x000000a259b00000,0x000000a259c00000) (1024K)]
  0x000002997e698380 JavaThread "pool-2-thread-1"                   [_thread_blocked, id=1928, stack(0x000000a259c00000,0x000000a259d00000) (1024K)]
  0x000002997e693b50 JavaThread "WorkspaceEventsHandler"            [_thread_blocked, id=12620, stack(0x000000a259d00000,0x000000a259e00000) (1024K)]
  0x000002997e6934c0 JavaThread "pool-1-thread-1"                   [_thread_blocked, id=8144, stack(0x000000a259e00000,0x000000a259f00000) (1024K)]
  0x000002997e697660 JavaThread "ProjectImportProgressReporter" daemon [_thread_blocked, id=4904, stack(0x000000a25a300000,0x000000a25a400000) (1024K)]
  0x000002997f1772e0 JavaThread "Timer-0"                           [_thread_blocked, id=18456, stack(0x000000a25a400000,0x000000a25a500000) (1024K)]
  0x000002997f178690 JavaThread "Connection worker"                 [_thread_blocked, id=18464, stack(0x000000a25a500000,0x000000a25a600000) (1024K)]
  0x000002997f17b480 JavaThread "Distribution download"      daemon [_thread_in_native, id=18472, stack(0x000000a25a600000,0x000000a25a700000) (1024K)]
Total: 38

Other Threads:
  0x000002997838e2a0 VMThread "VM Thread"                           [id=17004, stack(0x000000a257700000,0x000000a257800000) (1024K)]
  0x0000029961a22780 WatcherThread "VM Periodic Task Thread"        [id=1660, stack(0x000000a257600000,0x000000a257700000) (1024K)]
  0x00000299619d4620 WorkerThread "GC Thread#0"                     [id=15216, stack(0x000000a257500000,0x000000a257600000) (1024K)]
  0x00000299793ce500 WorkerThread "GC Thread#1"                     [id=17164, stack(0x000000a258200000,0x000000a258300000) (1024K)]
  0x000002997992eb50 WorkerThread "GC Thread#2"                     [id=3568, stack(0x000000a258300000,0x000000a258400000) (1024K)]
  0x00000299793ce8b0 WorkerThread "GC Thread#3"                     [id=16836, stack(0x000000a258400000,0x000000a258500000) (1024K)]
Total: 6

Threads with active compile tasks:
C2 CompilerThread0  46982 7669   !   4       com.sun.crypto.provider.GaloisCounterMode$GCMDecrypt::doFinal (628 bytes)
Total: 1

VM state: not at safepoint (normal execution)

VM Mutex/Monitor currently owned by a thread: None

Heap address: 0x0000000080000000, size: 2048 MB, Compressed Oops mode: 32-bit

CDS archive(s) mapped at: [0x0000029900000000-0x0000029900ba0000-0x0000029900ba0000), size 12189696, SharedBaseAddress: 0x0000029900000000, ArchiveRelocationMode: 1.
Compressed class space mapped at: 0x0000029901000000-0x0000029941000000, reserved size: 1073741824
Narrow klass base: 0x0000029900000000, Narrow klass shift: 0, Narrow klass range: 0x100000000

GC Precious Log:
 CardTable entry size: 512
 CPUs: 4 total, 4 available
 Memory: 8039M
 Large Page Support: Disabled
 NUMA Support: Disabled
 Compressed Oops: Enabled (32-bit)
 Alignments: Space 512K, Generation 512K, Heap 2M
 Heap Min Capacity: 100M
 Heap Initial Capacity: 100M
 Heap Max Capacity: 2G
 Pre-touch: Disabled
 Parallel Workers: 4

Heap:
 PSYoungGen      total 22528K, used 13386K [0x00000000d5580000, 0x00000000d6f00000, 0x0000000100000000)
  eden space 21504K, 57% used [0x00000000d5580000,0x00000000d6197c20,0x00000000d6a80000)
  from space 1024K, 97% used [0x00000000d6e00000,0x00000000d6efad18,0x00000000d6f00000)
  to   space 1536K, 0% used [0x00000000d6c00000,0x00000000d6c00000,0x00000000d6d80000)
 ParOldGen       total 68608K, used 30119K [0x0000000080000000, 0x0000000084300000, 0x00000000d5580000)
  object space 68608K, 43% used [0x0000000080000000,0x0000000081d69db8,0x0000000084300000)
 Metaspace       used 52718K, committed 53824K, reserved 1114112K
  class space    used 5840K, committed 6336K, reserved 1048576K

Card table byte_map: [0x0000029961380000,0x0000029961790000] _byte_map_base: 0x0000029960f80000

Marking Bits: (ParMarkBitMap*) 0x00007ff974c53450
 Begin Bits: [0x0000029973e70000, 0x0000029975e70000)
 End Bits:   [0x0000029975e70000, 0x0000029977e70000)

Polling page: 0x000002995f8c0000

Metaspace:

Usage:
  Non-class:     45.78 MB used.
      Class:      5.70 MB used.
       Both:     51.48 MB used.

Virtual space:
  Non-class space:       64.00 MB reserved,      46.38 MB ( 72%) committed,  1 nodes.
      Class space:        1.00 GB reserved,       6.19 MB ( <1%) committed,  1 nodes.
             Both:        1.06 GB reserved,      52.56 MB (  5%) committed. 

Chunk freelists:
   Non-Class:  384.00 KB
       Class:  9.75 MB
        Both:  10.12 MB

MaxMetaspaceSize: unlimited
CompressedClassSpaceSize: 1.00 GB
Initial GC threshold: 21.00 MB
Current GC threshold: 58.38 MB
CDS: on
 - commit_granule_bytes: 65536.
 - commit_granule_words: 8192.
 - virtual_space_node_default_size: 8388608.
 - enlarge_chunks_in_place: 1.
 - use_allocation_guard: 0.


Internal statistics:

num_allocs_failed_limit: 6.
num_arena_births: 824.
num_arena_deaths: 26.
num_vsnodes_births: 2.
num_vsnodes_deaths: 0.
num_space_committed: 841.
num_space_uncommitted: 0.
num_chunks_returned_to_freelist: 34.
num_chunks_taken_from_freelist: 2916.
num_chunk_merges: 11.
num_chunk_splits: 1834.
num_chunks_enlarged: 1122.
num_inconsistent_stats: 0.

CodeHeap 'non-profiled nmethods': size=120000Kb used=4072Kb max_used=4072Kb free=115927Kb
 bounds [0x000002996c690000, 0x000002996ca90000, 0x0000029973bc0000]
CodeHeap 'profiled nmethods': size=120000Kb used=15494Kb max_used=15494Kb free=104505Kb
 bounds [0x0000029964bc0000, 0x0000029965af0000, 0x000002996c0f0000]
CodeHeap 'non-nmethods': size=5760Kb used=1407Kb max_used=1467Kb free=4352Kb
 bounds [0x000002996c0f0000, 0x000002996c360000, 0x000002996c690000]
CodeCache: size=245760Kb, used=20973Kb, max_used=21033Kb, free=224784Kb
 total_blobs=7786, nmethods=7075, adapters=617, full_count=0
Compilation: enabled, stopped_count=0, restarted_count=0

Compilation events (20 events):
Event: 45.236 Thread 0x00000299783aa170 nmethod 7659 0x000002996ca84710 code [0x000002996ca84980, 0x000002996ca856b8]
Event: 45.285 Thread 0x00000299783aa170 7660       4       com.sun.crypto.provider.GHASH::update (50 bytes)
Event: 45.289 Thread 0x00000299783aa170 nmethod 7660 0x000002996ca86610 code [0x000002996ca867c0, 0x000002996ca86a48]
Event: 46.368 Thread 0x00000299783aa170 7661       4       sun.security.ssl.SSLSocketImpl$AppInputStream::checkEOF (165 bytes)
Event: 46.370 Thread 0x00000299783aa170 nmethod 7661 0x000002996ca86c90 code [0x000002996ca86e40, 0x000002996ca86fa8]
Event: 46.461 Thread 0x00000299783aa170 7662       4       sun.nio.ch.NioSocketImpl::ensureOpenAndConnected (36 bytes)
Event: 46.462 Thread 0x00000299783aa170 nmethod 7662 0x000002996ca87110 code [0x000002996ca872a0, 0x000002996ca87348]
Event: 46.469 Thread 0x00000299783aa170 7663       4       sun.nio.ch.NioSocketImpl::configureNonBlockingIfNeeded (65 bytes)
Event: 46.470 Thread 0x00000299783aa170 nmethod 7663 0x000002996ca87410 code [0x000002996ca875a0, 0x000002996ca87658]
Event: 46.478 Thread 0x00000299783aa170 7664   !   4       java.net.Socket$SocketInputStream::read (56 bytes)
Event: 46.524 Thread 0x00000299783aa170 nmethod 7664 0x000002996ca87710 code [0x000002996ca879e0, 0x000002996ca88bf8]
Event: 46.524 Thread 0x00000299783aa170 7665   !   4       sun.nio.ch.NioSocketImpl::endRead (58 bytes)
Event: 46.526 Thread 0x00000299783aa170 nmethod 7665 0x000002996ca89a90 code [0x000002996ca89c20, 0x000002996ca89e90]
Event: 46.546 Thread 0x00000299783aa170 7666       4       sun.security.ssl.SSLSocketInputRecord::read (92 bytes)
Event: 46.548 Thread 0x00000299783aa170 nmethod 7666 0x000002996ca89f90 code [0x000002996ca8a120, 0x000002996ca8a228]
Event: 46.639 Thread 0x0000029978421970 7667       3       org.eclipse.core.internal.jobs.JobManager$$Lambda/0x00000299011b5a50::apply (20 bytes)
Event: 46.639 Thread 0x0000029978421970 nmethod 7667 0x0000029965ae0b10 code [0x0000029965ae0cc0, 0x0000029965ae0f18]
Event: 46.639 Thread 0x0000029978421970 7668       3       org.eclipse.core.internal.jobs.JobManager::lambda$8 (48 bytes)
Event: 46.640 Thread 0x0000029978421970 nmethod 7668 0x0000029965ae1010 code [0x0000029965ae1220, 0x0000029965ae1750]
Event: 46.693 Thread 0x00000299783aa170 7669   !   4       com.sun.crypto.provider.GaloisCounterMode$GCMDecrypt::doFinal (628 bytes)

GC Heap History (20 events):
Event: 28.487 GC heap before
{Heap before GC invocations=19 (full 2):
 PSYoungGen      total 23552K, used 23400K [0x00000000d5580000, 0x00000000d7080000, 0x0000000100000000)
  eden space 22016K, 99% used [0x00000000d5580000,0x00000000d6af2320,0x00000000d6b00000)
  from space 1536K, 93% used [0x00000000d6f00000,0x00000000d7068000,0x00000000d7080000)
  to   space 1536K, 0% used [0x00000000d6d80000,0x00000000d6d80000,0x00000000d6f00000)
 ParOldGen       total 68608K, used 19900K [0x0000000080000000, 0x0000000084300000, 0x00000000d5580000)
  object space 68608K, 29% used [0x0000000080000000,0x000000008136f1a8,0x0000000084300000)
 Metaspace       used 45623K, committed 46720K, reserved 1114112K
  class space    used 4978K, committed 5440K, reserved 1048576K
}
Event: 28.492 GC heap after
{Heap after GC invocations=19 (full 2):
 PSYoungGen      total 23552K, used 1496K [0x00000000d5580000, 0x00000000d6f80000, 0x0000000100000000)
  eden space 22016K, 0% used [0x00000000d5580000,0x00000000d5580000,0x00000000d6b00000)
  from space 1536K, 97% used [0x00000000d6d80000,0x00000000d6ef6110,0x00000000d6f00000)
  to   space 512K, 0% used [0x00000000d6f00000,0x00000000d6f00000,0x00000000d6f80000)
 ParOldGen       total 68608K, used 21136K [0x0000000080000000, 0x0000000084300000, 0x00000000d5580000)
  object space 68608K, 30% used [0x0000000080000000,0x00000000814a41c8,0x0000000084300000)
 Metaspace       used 45623K, committed 46720K, reserved 1114112K
  class space    used 4978K, committed 5440K, reserved 1048576K
}
Event: 31.577 GC heap before
{Heap before GC invocations=20 (full 2):
 PSYoungGen      total 23552K, used 23512K [0x00000000d5580000, 0x00000000d6f80000, 0x0000000100000000)
  eden space 22016K, 100% used [0x00000000d5580000,0x00000000d6b00000,0x00000000d6b00000)
  from space 1536K, 97% used [0x00000000d6d80000,0x00000000d6ef6110,0x00000000d6f00000)
  to   space 512K, 0% used [0x00000000d6f00000,0x00000000d6f00000,0x00000000d6f80000)
 ParOldGen       total 68608K, used 21136K [0x0000000080000000, 0x0000000084300000, 0x00000000d5580000)
  object space 68608K, 30% used [0x0000000080000000,0x00000000814a41c8,0x0000000084300000)
 Metaspace       used 47271K, committed 48320K, reserved 1114112K
  class space    used 5144K, committed 5632K, reserved 1048576K
}
Event: 31.588 GC heap after
{Heap after GC invocations=20 (full 2):
 PSYoungGen      total 22528K, used 492K [0x00000000d5580000, 0x00000000d7200000, 0x0000000100000000)
  eden space 22016K, 0% used [0x00000000d5580000,0x00000000d5580000,0x00000000d6b00000)
  from space 512K, 96% used [0x00000000d6f00000,0x00000000d6f7b090,0x00000000d6f80000)
  to   space 3584K, 0% used [0x00000000d6b00000,0x00000000d6b00000,0x00000000d6e80000)
 ParOldGen       total 68608K, used 23850K [0x0000000080000000, 0x0000000084300000, 0x00000000d5580000)
  object space 68608K, 34% used [0x0000000080000000,0x000000008174a948,0x0000000084300000)
 Metaspace       used 47271K, committed 48320K, reserved 1114112K
  class space    used 5144K, committed 5632K, reserved 1048576K
}
Event: 32.044 GC heap before
{Heap before GC invocations=21 (full 2):
 PSYoungGen      total 22528K, used 22508K [0x00000000d5580000, 0x00000000d7200000, 0x0000000100000000)
  eden space 22016K, 100% used [0x00000000d5580000,0x00000000d6b00000,0x00000000d6b00000)
  from space 512K, 96% used [0x00000000d6f00000,0x00000000d6f7b090,0x00000000d6f80000)
  to   space 3584K, 0% used [0x00000000d6b00000,0x00000000d6b00000,0x00000000d6e80000)
 ParOldGen       total 68608K, used 23850K [0x0000000080000000, 0x0000000084300000, 0x00000000d5580000)
  object space 68608K, 34% used [0x0000000080000000,0x000000008174a948,0x0000000084300000)
 Metaspace       used 47455K, committed 48512K, reserved 1114112K
  class space    used 5150K, committed 5632K, reserved 1048576K
}
Event: 32.054 GC heap after
{Heap after GC invocations=21 (full 2):
 PSYoungGen      total 25600K, used 3568K [0x00000000d5580000, 0x00000000d7b00000, 0x0000000100000000)
  eden space 22016K, 0% used [0x00000000d5580000,0x00000000d5580000,0x00000000d6b00000)
  from space 3584K, 99% used [0x00000000d6b00000,0x00000000d6e7c018,0x00000000d6e80000)
  to   space 8192K, 0% used [0x00000000d7300000,0x00000000d7300000,0x00000000d7b00000)
 ParOldGen       total 68608K, used 27367K [0x0000000080000000, 0x0000000084300000, 0x00000000d5580000)
  object space 68608K, 39% used [0x0000000080000000,0x0000000081ab9f98,0x0000000084300000)
 Metaspace       used 47455K, committed 48512K, reserved 1114112K
  class space    used 5150K, committed 5632K, reserved 1048576K
}
Event: 32.202 GC heap before
{Heap before GC invocations=22 (full 2):
 PSYoungGen      total 25600K, used 25584K [0x00000000d5580000, 0x00000000d7b00000, 0x0000000100000000)
  eden space 22016K, 100% used [0x00000000d5580000,0x00000000d6b00000,0x00000000d6b00000)
  from space 3584K, 99% used [0x00000000d6b00000,0x00000000d6e7c018,0x00000000d6e80000)
  to   space 8192K, 0% used [0x00000000d7300000,0x00000000d7300000,0x00000000d7b00000)
 ParOldGen       total 68608K, used 27367K [0x0000000080000000, 0x0000000084300000, 0x00000000d5580000)
  object space 68608K, 39% used [0x0000000080000000,0x0000000081ab9f98,0x0000000084300000)
 Metaspace       used 47475K, committed 48512K, reserved 1114112K
  class space    used 5152K, committed 5632K, reserved 1048576K
}
Event: 32.211 GC heap after
{Heap after GC invocations=22 (full 2):
 PSYoungGen      total 29696K, used 7904K [0x00000000d5580000, 0x00000000d7c00000, 0x0000000100000000)
  eden space 21504K, 0% used [0x00000000d5580000,0x00000000d5580000,0x00000000d6a80000)
  from space 8192K, 96% used [0x00000000d7300000,0x00000000d7ab8030,0x00000000d7b00000)
  to   space 8704K, 0% used [0x00000000d6a80000,0x00000000d6a80000,0x00000000d7300000)
 ParOldGen       total 68608K, used 27931K [0x0000000080000000, 0x0000000084300000, 0x00000000d5580000)
  object space 68608K, 40% used [0x0000000080000000,0x0000000081b46fe0,0x0000000084300000)
 Metaspace       used 47475K, committed 48512K, reserved 1114112K
  class space    used 5152K, committed 5632K, reserved 1048576K
}
Event: 32.318 GC heap before
{Heap before GC invocations=23 (full 2):
 PSYoungGen      total 29696K, used 29408K [0x00000000d5580000, 0x00000000d7c00000, 0x0000000100000000)
  eden space 21504K, 100% used [0x00000000d5580000,0x00000000d6a80000,0x00000000d6a80000)
  from space 8192K, 96% used [0x00000000d7300000,0x00000000d7ab8030,0x00000000d7b00000)
  to   space 8704K, 0% used [0x00000000d6a80000,0x00000000d6a80000,0x00000000d7300000)
 ParOldGen       total 68608K, used 27931K [0x0000000080000000, 0x0000000084300000, 0x00000000d5580000)
  object space 68608K, 40% used [0x0000000080000000,0x0000000081b46fe0,0x0000000084300000)
 Metaspace       used 47477K, committed 48512K, reserved 1114112K
  class space    used 5152K, committed 5632K, reserved 1048576K
}
Event: 32.322 GC heap after
{Heap after GC invocations=23 (full 2):
 PSYoungGen      total 25088K, used 3568K [0x00000000d5580000, 0x00000000d7580000, 0x0000000100000000)
  eden space 21504K, 0% used [0x00000000d5580000,0x00000000d5580000,0x00000000d6a80000)
  from space 3584K, 99% used [0x00000000d6a80000,0x00000000d6dfc018,0x00000000d6e00000)
  to   space 5632K, 0% used [0x00000000d7000000,0x00000000d7000000,0x00000000d7580000)
 ParOldGen       total 68608K, used 28864K [0x0000000080000000, 0x0000000084300000, 0x00000000d5580000)
  object space 68608K, 42% used [0x0000000080000000,0x0000000081c30028,0x0000000084300000)
 Metaspace       used 47477K, committed 48512K, reserved 1114112K
  class space    used 5152K, committed 5632K, reserved 1048576K
}
Event: 32.499 GC heap before
{Heap before GC invocations=24 (full 2):
 PSYoungGen      total 25088K, used 25072K [0x00000000d5580000, 0x00000000d7580000, 0x0000000100000000)
  eden space 21504K, 100% used [0x00000000d5580000,0x00000000d6a80000,0x00000000d6a80000)
  from space 3584K, 99% used [0x00000000d6a80000,0x00000000d6dfc018,0x00000000d6e00000)
  to   space 5632K, 0% used [0x00000000d7000000,0x00000000d7000000,0x00000000d7580000)
 ParOldGen       total 68608K, used 28864K [0x0000000080000000, 0x0000000084300000, 0x00000000d5580000)
  object space 68608K, 42% used [0x0000000080000000,0x0000000081c30028,0x0000000084300000)
 Metaspace       used 47483K, committed 48576K, reserved 1114112K
  class space    used 5152K, committed 5632K, reserved 1048576K
}
Event: 32.504 GC heap after
{Heap after GC invocations=24 (full 2):
 PSYoungGen      total 26112K, used 4176K [0x00000000d5580000, 0x00000000d7480000, 0x0000000100000000)
  eden space 21504K, 0% used [0x00000000d5580000,0x00000000d5580000,0x00000000d6a80000)
  from space 4608K, 90% used [0x00000000d7000000,0x00000000d7414018,0x00000000d7480000)
  to   space 4608K, 0% used [0x00000000d6b80000,0x00000000d6b80000,0x00000000d7000000)
 ParOldGen       total 68608K, used 28920K [0x0000000080000000, 0x0000000084300000, 0x00000000d5580000)
  object space 68608K, 42% used [0x0000000080000000,0x0000000081c3e028,0x0000000084300000)
 Metaspace       used 47483K, committed 48576K, reserved 1114112K
  class space    used 5152K, committed 5632K, reserved 1048576K
}
Event: 32.608 GC heap before
{Heap before GC invocations=25 (full 2):
 PSYoungGen      total 26112K, used 25680K [0x00000000d5580000, 0x00000000d7480000, 0x0000000100000000)
  eden space 21504K, 100% used [0x00000000d5580000,0x00000000d6a80000,0x00000000d6a80000)
  from space 4608K, 90% used [0x00000000d7000000,0x00000000d7414018,0x00000000d7480000)
  to   space 4608K, 0% used [0x00000000d6b80000,0x00000000d6b80000,0x00000000d7000000)
 ParOldGen       total 68608K, used 28920K [0x0000000080000000, 0x0000000084300000, 0x00000000d5580000)
  object space 68608K, 42% used [0x0000000080000000,0x0000000081c3e028,0x0000000084300000)
 Metaspace       used 47509K, committed 48576K, reserved 1114112K
  class space    used 5156K, committed 5632K, reserved 1048576K
}
Event: 32.610 GC heap after
{Heap after GC invocations=25 (full 2):
 PSYoungGen      total 22016K, used 352K [0x00000000d5580000, 0x00000000d7080000, 0x0000000100000000)
  eden space 21504K, 0% used [0x00000000d5580000,0x00000000d5580000,0x00000000d6a80000)
  from space 512K, 68% used [0x00000000d6b80000,0x00000000d6bd8000,0x00000000d6c00000)
  to   space 2048K, 0% used [0x00000000d6e80000,0x00000000d6e80000,0x00000000d7080000)
 ParOldGen       total 68608K, used 28944K [0x0000000080000000, 0x0000000084300000, 0x00000000d5580000)
  object space 68608K, 42% used [0x0000000080000000,0x0000000081c44028,0x0000000084300000)
 Metaspace       used 47509K, committed 48576K, reserved 1114112K
  class space    used 5156K, committed 5632K, reserved 1048576K
}
Event: 32.822 GC heap before
{Heap before GC invocations=26 (full 2):
 PSYoungGen      total 22016K, used 21855K [0x00000000d5580000, 0x00000000d7080000, 0x0000000100000000)
  eden space 21504K, 99% used [0x00000000d5580000,0x00000000d6a7fff8,0x00000000d6a80000)
  from space 512K, 68% used [0x00000000d6b80000,0x00000000d6bd8000,0x00000000d6c00000)
  to   space 2048K, 0% used [0x00000000d6e80000,0x00000000d6e80000,0x00000000d7080000)
 ParOldGen       total 68608K, used 28944K [0x0000000080000000, 0x0000000084300000, 0x00000000d5580000)
  object space 68608K, 42% used [0x0000000080000000,0x0000000081c44028,0x0000000084300000)
 Metaspace       used 47577K, committed 48640K, reserved 1114112K
  class space    used 5156K, committed 5632K, reserved 1048576K
}
Event: 32.826 GC heap after
{Heap after GC invocations=26 (full 2):
 PSYoungGen      total 23040K, used 1376K [0x00000000d5580000, 0x00000000d7000000, 0x0000000100000000)
  eden space 21504K, 0% used [0x00000000d5580000,0x00000000d5580000,0x00000000d6a80000)
  from space 1536K, 89% used [0x00000000d6e80000,0x00000000d6fd8000,0x00000000d7000000)
  to   space 2048K, 0% used [0x00000000d6c00000,0x00000000d6c00000,0x00000000d6e00000)
 ParOldGen       total 68608K, used 29176K [0x0000000080000000, 0x0000000084300000, 0x00000000d5580000)
  object space 68608K, 42% used [0x0000000080000000,0x0000000081c7e028,0x0000000084300000)
 Metaspace       used 47577K, committed 48640K, reserved 1114112K
  class space    used 5156K, committed 5632K, reserved 1048576K
}
Event: 36.783 GC heap before
{Heap before GC invocations=27 (full 2):
 PSYoungGen      total 23040K, used 22814K [0x00000000d5580000, 0x00000000d7000000, 0x0000000100000000)
  eden space 21504K, 99% used [0x00000000d5580000,0x00000000d6a6fbc0,0x00000000d6a80000)
  from space 1536K, 89% used [0x00000000d6e80000,0x00000000d6fd8000,0x00000000d7000000)
  to   space 2048K, 0% used [0x00000000d6c00000,0x00000000d6c00000,0x00000000d6e00000)
 ParOldGen       total 68608K, used 29176K [0x0000000080000000, 0x0000000084300000, 0x00000000d5580000)
  object space 68608K, 42% used [0x0000000080000000,0x0000000081c7e028,0x0000000084300000)
 Metaspace       used 48759K, committed 49920K, reserved 1114112K
  class space    used 5272K, committed 5760K, reserved 1048576K
}
Event: 36.786 GC heap after
{Heap after GC invocations=27 (full 2):
 PSYoungGen      total 23552K, used 794K [0x00000000d5580000, 0x00000000d6f00000, 0x0000000100000000)
  eden space 21504K, 0% used [0x00000000d5580000,0x00000000d5580000,0x00000000d6a80000)
  from space 2048K, 38% used [0x00000000d6c00000,0x00000000d6cc6960,0x00000000d6e00000)
  to   space 1024K, 0% used [0x00000000d6e00000,0x00000000d6e00000,0x00000000d6f00000)
 ParOldGen       total 68608K, used 29376K [0x0000000080000000, 0x0000000084300000, 0x00000000d5580000)
  object space 68608K, 42% used [0x0000000080000000,0x0000000081cb0028,0x0000000084300000)
 Metaspace       used 48759K, committed 49920K, reserved 1114112K
  class space    used 5272K, committed 5760K, reserved 1048576K
}
Event: 38.618 GC heap before
{Heap before GC invocations=28 (full 2):
 PSYoungGen      total 23552K, used 22298K [0x00000000d5580000, 0x00000000d6f00000, 0x0000000100000000)
  eden space 21504K, 100% used [0x00000000d5580000,0x00000000d6a80000,0x00000000d6a80000)
  from space 2048K, 38% used [0x00000000d6c00000,0x00000000d6cc6960,0x00000000d6e00000)
  to   space 1024K, 0% used [0x00000000d6e00000,0x00000000d6e00000,0x00000000d6f00000)
 ParOldGen       total 68608K, used 29376K [0x0000000080000000, 0x0000000084300000, 0x00000000d5580000)
  object space 68608K, 42% used [0x0000000080000000,0x0000000081cb0028,0x0000000084300000)
 Metaspace       used 51447K, committed 52608K, reserved 1114112K
  class space    used 5709K, committed 6208K, reserved 1048576K
}
Event: 38.621 GC heap after
{Heap after GC invocations=28 (full 2):
 PSYoungGen      total 22528K, used 1003K [0x00000000d5580000, 0x00000000d6f00000, 0x0000000100000000)
  eden space 21504K, 0% used [0x00000000d5580000,0x00000000d5580000,0x00000000d6a80000)
  from space 1024K, 97% used [0x00000000d6e00000,0x00000000d6efad18,0x00000000d6f00000)
  to   space 1536K, 0% used [0x00000000d6c00000,0x00000000d6c00000,0x00000000d6d80000)
 ParOldGen       total 68608K, used 30119K [0x0000000080000000, 0x0000000084300000, 0x00000000d5580000)
  object space 68608K, 43% used [0x0000000080000000,0x0000000081d69db8,0x0000000084300000)
 Metaspace       used 51447K, committed 52608K, reserved 1114112K
  class space    used 5709K, committed 6208K, reserved 1048576K
}

Dll operation events (14 events):
Event: 0.017 Loaded shared library c:\Users\abbak\.antigravity\extensions\redhat.java-1.54.0-win32-x64\jre\21.0.10-win32-x86_64\bin\java.dll
Event: 0.271 Loaded shared library c:\Users\abbak\.antigravity\extensions\redhat.java-1.54.0-win32-x64\jre\21.0.10-win32-x86_64\bin\zip.dll
Event: 0.328 Loaded shared library C:\Users\abbak\.antigravity\extensions\redhat.java-1.54.0-win32-x64\jre\21.0.10-win32-x86_64\bin\instrument.dll
Event: 0.338 Loaded shared library C:\Users\abbak\.antigravity\extensions\redhat.java-1.54.0-win32-x64\jre\21.0.10-win32-x86_64\bin\net.dll
Event: 0.344 Loaded shared library C:\Users\abbak\.antigravity\extensions\redhat.java-1.54.0-win32-x64\jre\21.0.10-win32-x86_64\bin\nio.dll
Event: 0.350 Loaded shared library C:\Users\abbak\.antigravity\extensions\redhat.java-1.54.0-win32-x64\jre\21.0.10-win32-x86_64\bin\zip.dll
Event: 0.405 Loaded shared library C:\Users\abbak\.antigravity\extensions\redhat.java-1.54.0-win32-x64\jre\21.0.10-win32-x86_64\bin\jimage.dll
Event: 0.667 Loaded shared library c:\Users\abbak\.antigravity\extensions\redhat.java-1.54.0-win32-x64\jre\21.0.10-win32-x86_64\bin\verify.dll
Event: 4.996 Loaded shared library C:\Users\abbak\AppData\Roaming\Antigravity\User\globalStorage\redhat.java\1.54.0\config_win\org.eclipse.equinox.launcher\org.eclipse.equinox.launcher.win32.win32.x86_64_1.3.0.v20260203-2149\eclipse_11919.dll
Event: 9.647 Loaded shared library C:\Users\abbak\.antigravity\extensions\redhat.java-1.54.0-win32-x64\jre\21.0.10-win32-x86_64\bin\management.dll
Event: 9.655 Loaded shared library C:\Users\abbak\.antigravity\extensions\redhat.java-1.54.0-win32-x64\jre\21.0.10-win32-x86_64\bin\management_ext.dll
Event: 22.270 Loaded shared library C:\Users\abbak\AppData\Local\Temp\jna-92598347\jna6904191672865936719.dll
Event: 24.377 Loaded shared library C:\Users\abbak\.antigravity\extensions\redhat.java-1.54.0-win32-x64\jre\21.0.10-win32-x86_64\bin\sunmscapi.dll
Event: 24.847 Loaded shared library C:\Users\abbak\.antigravity\extensions\redhat.java-1.54.0-win32-x64\jre\21.0.10-win32-x86_64\bin\extnet.dll

Deoptimization events (20 events):
Event: 40.437 Thread 0x000002997f17b480 DEOPT PACKING pc=0x000002996ca29eb8 sp=0x000000a25a6ff200
Event: 40.437 Thread 0x000002997f17b480 DEOPT UNPACKING pc=0x000002996c143aa2 sp=0x000000a25a6ff1d0 mode 2
Event: 40.446 Thread 0x000002997f17b480 Uncommon trap: trap_request=0xffffff45 fr.pc=0x000002996c9ff50c relative=0x000000000000036c
Event: 40.446 Thread 0x000002997f17b480 Uncommon trap: reason=unstable_if action=reinterpret pc=0x000002996c9ff50c method=java.io.BufferedOutputStream.implWrite([BII)V @ 5 c2
Event: 40.446 Thread 0x000002997f17b480 DEOPT PACKING pc=0x000002996c9ff50c sp=0x000000a25a6ff600
Event: 40.446 Thread 0x000002997f17b480 DEOPT UNPACKING pc=0x000002996c143aa2 sp=0x000000a25a6ff550 mode 2
Event: 40.458 Thread 0x000002997f17b480 Uncommon trap: trap_request=0xffffff45 fr.pc=0x000002996ca00130 relative=0x00000000000001f0
Event: 40.458 Thread 0x000002997f17b480 Uncommon trap: reason=unstable_if action=reinterpret pc=0x000002996ca00130 method=java.io.BufferedOutputStream.implWrite([BII)V @ 5 c2
Event: 40.458 Thread 0x000002997f17b480 DEOPT PACKING pc=0x000002996ca00130 sp=0x000000a25a6ff580
Event: 40.458 Thread 0x000002997f17b480 DEOPT UNPACKING pc=0x000002996c143aa2 sp=0x000000a25a6ff558 mode 2
Event: 40.557 Thread 0x000002997f17b480 DEOPT PACKING pc=0x0000029965a656be sp=0x000000a25a6fe7d0
Event: 40.557 Thread 0x000002997f17b480 DEOPT UNPACKING pc=0x000002996c144242 sp=0x000000a25a6fdcc0 mode 0
Event: 40.559 Thread 0x000002997f17b480 DEOPT PACKING pc=0x0000029965a656be sp=0x000000a25a6fe7d0
Event: 40.559 Thread 0x000002997f17b480 DEOPT UNPACKING pc=0x000002996c144242 sp=0x000000a25a6fdcc0 mode 0
Event: 40.563 Thread 0x000002997f17b480 DEOPT PACKING pc=0x0000029965a656be sp=0x000000a25a6fe7d0
Event: 40.563 Thread 0x000002997f17b480 DEOPT UNPACKING pc=0x000002996c144242 sp=0x000000a25a6fdcc0 mode 0
Event: 40.778 Thread 0x000002997f17b480 DEOPT PACKING pc=0x0000029965a63fb4 sp=0x000000a25a6fe980
Event: 40.778 Thread 0x000002997f17b480 DEOPT UNPACKING pc=0x000002996c144242 sp=0x000000a25a6fde18 mode 0
Event: 40.792 Thread 0x000002997f17b480 DEOPT PACKING pc=0x0000029965a63fb4 sp=0x000000a25a6fe980
Event: 40.792 Thread 0x000002997f17b480 DEOPT UNPACKING pc=0x000002996c144242 sp=0x000000a25a6fde18 mode 0

Classes loaded (20 events):
Event: 39.751 Loading class sun/security/ssl/PostHandshakeContext
Event: 39.751 Loading class sun/security/ssl/PostHandshakeContext done
Event: 39.752 Loading class sun/security/ssl/NewSessionTicket$T13NewSessionTicketMessage
Event: 39.752 Loading class sun/security/ssl/NewSessionTicket$T13NewSessionTicketMessage done
Event: 40.362 Loading class sun/security/rsa/MGF1
Event: 40.363 Loading class sun/security/rsa/MGF1 done
Event: 40.437 Loading class sun/net/www/http/KeepAliveStream
Event: 40.438 Loading class sun/net/www/http/Hurryable
Event: 40.438 Loading class sun/net/www/http/Hurryable done
Event: 40.438 Loading class sun/net/www/MeteredStream
Event: 40.438 Loading class sun/net/www/MeteredStream done
Event: 40.438 Loading class sun/net/www/http/KeepAliveStream done
Event: 40.439 Loading class sun/net/www/http/KeepAliveStreamCleaner
Event: 40.439 Loading class sun/net/www/http/KeepAliveStreamCleaner done
Event: 40.442 Loading class sun/net/www/http/KeepAliveStreamCleaner$1
Event: 40.442 Loading class sun/net/www/http/KeepAliveStreamCleaner$1 done
Event: 40.442 Loading class sun/net/www/http/KeepAliveStreamCleaner$2
Event: 40.442 Loading class sun/net/www/http/KeepAliveStreamCleaner$2 done
Event: 40.442 Loading class sun/net/www/protocol/http/HttpURLConnection$HttpInputStream
Event: 40.443 Loading class sun/net/www/protocol/http/HttpURLConnection$HttpInputStream done

Classes unloaded (13 events):
Event: 12.597 Thread 0x000002997838e2a0 Unloading class 0x00000299011ad000 'java/lang/invoke/LambdaForm$MH+0x00000299011ad000'
Event: 12.597 Thread 0x000002997838e2a0 Unloading class 0x00000299011acc00 'java/lang/invoke/LambdaForm$MH+0x00000299011acc00'
Event: 12.597 Thread 0x000002997838e2a0 Unloading class 0x00000299011ac800 'java/lang/invoke/LambdaForm$MH+0x00000299011ac800'
Event: 12.597 Thread 0x000002997838e2a0 Unloading class 0x00000299011ac400 'java/lang/invoke/LambdaForm$MH+0x00000299011ac400'
Event: 12.597 Thread 0x000002997838e2a0 Unloading class 0x00000299011ac000 'java/lang/invoke/LambdaForm$BMH+0x00000299011ac000'
Event: 12.597 Thread 0x000002997838e2a0 Unloading class 0x00000299011abc00 'java/lang/invoke/LambdaForm$DMH+0x00000299011abc00'
Event: 12.597 Thread 0x000002997838e2a0 Unloading class 0x00000299011aa800 'java/lang/invoke/LambdaForm$DMH+0x00000299011aa800'
Event: 23.122 Thread 0x000002997838e2a0 Unloading class 0x00000299012d1000 'java/lang/invoke/LambdaForm$MH+0x00000299012d1000'
Event: 23.122 Thread 0x000002997838e2a0 Unloading class 0x00000299012d0400 'java/lang/invoke/LambdaForm$MH+0x00000299012d0400'
Event: 23.122 Thread 0x000002997838e2a0 Unloading class 0x00000299012cbc00 'java/lang/invoke/LambdaForm$MH+0x00000299012cbc00'
Event: 23.122 Thread 0x000002997838e2a0 Unloading class 0x00000299012cb400 'java/lang/invoke/LambdaForm$MH+0x00000299012cb400'
Event: 23.122 Thread 0x000002997838e2a0 Unloading class 0x00000299012cb000 'java/lang/invoke/LambdaForm$DMH+0x00000299012cb000'
Event: 23.122 Thread 0x000002997838e2a0 Unloading class 0x00000299012ca800 'java/lang/invoke/LambdaForm$MH+0x00000299012ca800'

Classes redefined (0 events):
No events

Internal exceptions (20 events):
Event: 36.503 Thread 0x0000029979c05480 Exception <a 'sun/nio/fs/WindowsException'{0x00000000d69273a8}> (0x00000000d69273a8) 
thrown [s\src\hotspot\share\prims\jni.cpp, line 520]
Event: 36.504 Thread 0x0000029979c05480 Exception <a 'sun/nio/fs/WindowsException'{0x00000000d692acb8}> (0x00000000d692acb8) 
thrown [s\src\hotspot\share\prims\jni.cpp, line 520]
Event: 36.504 Thread 0x0000029979c05480 Exception <a 'sun/nio/fs/WindowsException'{0x00000000d692b2d8}> (0x00000000d692b2d8) 
thrown [s\src\hotspot\share\prims\jni.cpp, line 520]
Event: 36.504 Thread 0x0000029979c05480 Exception <a 'sun/nio/fs/WindowsException'{0x00000000d692b8f8}> (0x00000000d692b8f8) 
thrown [s\src\hotspot\share\prims\jni.cpp, line 520]
Event: 36.504 Thread 0x0000029979c05480 Exception <a 'sun/nio/fs/WindowsException'{0x00000000d692bf30}> (0x00000000d692bf30) 
thrown [s\src\hotspot\share\prims\jni.cpp, line 520]
Event: 36.505 Thread 0x0000029979c05480 Exception <a 'sun/nio/fs/WindowsException'{0x00000000d692f880}> (0x00000000d692f880) 
thrown [s\src\hotspot\share\prims\jni.cpp, line 520]
Event: 36.505 Thread 0x0000029979c05480 Exception <a 'sun/nio/fs/WindowsException'{0x00000000d6930120}> (0x00000000d6930120) 
thrown [s\src\hotspot\share\prims\jni.cpp, line 520]
Event: 36.505 Thread 0x0000029979c05480 Exception <a 'sun/nio/fs/WindowsException'{0x00000000d6930780}> (0x00000000d6930780) 
thrown [s\src\hotspot\share\prims\jni.cpp, line 520]
Event: 36.505 Thread 0x0000029979c05480 Exception <a 'sun/nio/fs/WindowsException'{0x00000000d6930df0}> (0x00000000d6930df0) 
thrown [s\src\hotspot\share\prims\jni.cpp, line 520]
Event: 36.506 Thread 0x0000029979c05480 Exception <a 'sun/nio/fs/WindowsException'{0x00000000d6934cc0}> (0x00000000d6934cc0) 
thrown [s\src\hotspot\share\prims\jni.cpp, line 520]
Event: 36.508 Thread 0x0000029979c05480 Exception <a 'sun/nio/fs/WindowsException'{0x00000000d69352e0}> (0x00000000d69352e0) 
thrown [s\src\hotspot\share\prims\jni.cpp, line 520]
Event: 36.509 Thread 0x0000029979c05480 Exception <a 'sun/nio/fs/WindowsException'{0x00000000d6935900}> (0x00000000d6935900) 
thrown [s\src\hotspot\share\prims\jni.cpp, line 520]
Event: 36.509 Thread 0x0000029979c05480 Exception <a 'sun/nio/fs/WindowsException'{0x00000000d6935f38}> (0x00000000d6935f38) 
thrown [s\src\hotspot\share\prims\jni.cpp, line 520]
Event: 36.510 Thread 0x0000029979c05480 Exception <a 'sun/nio/fs/WindowsException'{0x00000000d693a2a8}> (0x00000000d693a2a8) 
thrown [s\src\hotspot\share\prims\jni.cpp, line 520]
Event: 36.511 Thread 0x0000029979c05480 Exception <a 'sun/nio/fs/WindowsException'{0x00000000d693a8f8}> (0x00000000d693a8f8) 
thrown [s\src\hotspot\share\prims\jni.cpp, line 520]
Event: 36.511 Thread 0x0000029979c05480 Exception <a 'sun/nio/fs/WindowsException'{0x00000000d693af48}> (0x00000000d693af48) 
thrown [s\src\hotspot\share\prims\jni.cpp, line 520]
Event: 36.511 Thread 0x0000029979c05480 Exception <a 'sun/nio/fs/WindowsException'{0x00000000d693b5b0}> (0x00000000d693b5b0) 
thrown [s\src\hotspot\share\prims\jni.cpp, line 520]
Event: 37.377 Thread 0x0000029979c05480 Exception <a 'java/lang/NoSuchMethodError'{0x00000000d5badbb8}: 'java.lang.Object java.lang.invoke.DirectMethodHandle$Holder.invokeVirtual(java.lang.Object, java.lang.Object, java.lang.Object, java.lang.Object)'> (0x00000000d5badbb8) 
thrown [s\src\hotspot\share\interpreter\linkResolver.cpp, line 773]
Event: 37.393 Thread 0x0000029979c05480 Exception <a 'java/lang/NoSuchMethodError'{0x00000000d5bd0530}: 'java.lang.Object java.lang.invoke.DirectMethodHandle$Holder.invokeVirtual(java.lang.Object, java.lang.Object, java.lang.Object, java.lang.Object, java.lang.Object)'> (0x00000000d5bd0530) 
thrown [s\src\hotspot\share\interpreter\linkResolver.cpp, line 773]
Event: 38.741 Thread 0x000002997f17b480 Implicit null exception at 0x000002996c7080f1 to 0x000002996c7081ac

ZGC Phase Switch (0 events):
No events

VM Operations (20 events):
Event: 38.050 Executing safepoint VM operation: Cleanup
Event: 38.050 Executing safepoint VM operation: Cleanup done
Event: 38.618 Executing safepoint VM operation: ParallelGCFailedAllocation (Allocation Failure)
Event: 38.621 Executing safepoint VM operation: ParallelGCFailedAllocation (Allocation Failure) done
Event: 38.994 Executing non-safepoint VM operation: HandshakeAllThreads (Deoptimize)
Event: 38.994 Executing non-safepoint VM operation: HandshakeAllThreads (Deoptimize) done
Event: 40.005 Executing safepoint VM operation: Cleanup
Event: 40.005 Executing safepoint VM operation: Cleanup done
Event: 40.441 Executing non-safepoint VM operation: HandshakeAllThreads (Deoptimize)
Event: 40.442 Executing non-safepoint VM operation: HandshakeAllThreads (Deoptimize) done
Event: 41.442 Executing safepoint VM operation: Cleanup
Event: 41.442 Executing safepoint VM operation: Cleanup done
Event: 42.443 Executing safepoint VM operation: Cleanup
Event: 42.443 Executing safepoint VM operation: Cleanup done
Event: 43.443 Executing safepoint VM operation: Cleanup
Event: 43.443 Executing safepoint VM operation: Cleanup done
Event: 44.444 Executing safepoint VM operation: Cleanup
Event: 44.445 Executing safepoint VM operation: Cleanup done
Event: 45.446 Executing safepoint VM operation: Cleanup
Event: 45.446 Executing safepoint VM operation: Cleanup done

Memory protections (0 events):
No events

Nmethod flushes (20 events):
Event: 23.140 Thread 0x000002997838e2a0 flushing  nmethod 0x0000029965217390
Event: 23.140 Thread 0x000002997838e2a0 flushing  nmethod 0x0000029965217790
Event: 23.140 Thread 0x000002997838e2a0 flushing  nmethod 0x0000029965218090
Event: 23.140 Thread 0x000002997838e2a0 flushing  nmethod 0x0000029965219290
Event: 23.140 Thread 0x000002997838e2a0 flushing  nmethod 0x0000029965219a90
Event: 23.140 Thread 0x000002997838e2a0 flushing  nmethod 0x000002996521ae10
Event: 23.140 Thread 0x000002997838e2a0 flushing  nmethod 0x000002996521b310
Event: 23.140 Thread 0x000002997838e2a0 flushing  nmethod 0x000002996521c010
Event: 23.140 Thread 0x000002997838e2a0 flushing  nmethod 0x000002996521c910
Event: 23.140 Thread 0x000002997838e2a0 flushing  nmethod 0x000002996521d210
Event: 23.140 Thread 0x000002997838e2a0 flushing  nmethod 0x000002996521d710
Event: 23.140 Thread 0x000002997838e2a0 flushing  nmethod 0x000002996521f410
Event: 23.140 Thread 0x000002997838e2a0 flushing  nmethod 0x000002996521f910
Event: 23.140 Thread 0x000002997838e2a0 flushing  nmethod 0x000002996525f310
Event: 23.140 Thread 0x000002997838e2a0 flushing  nmethod 0x0000029965261190
Event: 23.140 Thread 0x000002997838e2a0 flushing  nmethod 0x000002996526cf10
Event: 23.140 Thread 0x000002997838e2a0 flushing  nmethod 0x00000299652d1990
Event: 23.140 Thread 0x000002997838e2a0 flushing osr nmethod 0x00000299652eee90
Event: 23.140 Thread 0x000002997838e2a0 flushing  nmethod 0x00000299652f4d90
Event: 23.140 Thread 0x000002997838e2a0 flushing  nmethod 0x0000029965311d90

Events (20 events):
Event: 31.391 Thread 0x000002997e6934c0 Thread added: 0x000002997e695590
Event: 31.394 Thread 0x000002997988c1b0 Thread added: 0x000002997e695c20
Event: 31.455 Thread 0x000002997e695590 Thread added: 0x000002997e6962b0
Event: 31.459 Thread 0x000002997e695c20 Thread added: 0x000002997e696940
Event: 34.178 Thread 0x0000029979c05480 Thread added: 0x000002997e697660
Event: 37.077 Thread 0x0000029979c05480 Thread added: 0x000002997f1772e0
Event: 37.726 Thread 0x0000029979c05480 Thread added: 0x000002997f178690
Event: 37.953 Thread 0x000002997f178690 Thread added: 0x000002997f17b480
Event: 38.030 Thread 0x0000029978421970 Thread added: 0x0000029941da3340
Event: 39.180 Thread 0x000002997f17b480 Thread added: 0x000002997f17bb10
Event: 39.213 Thread 0x000002997f17bb10 Thread exited: 0x000002997f17bb10
Event: 39.235 Thread 0x0000029941da3340 Thread exited: 0x0000029941da3340
Event: 39.586 Thread 0x000002997f17b480 Thread added: 0x000002997f1793b0
Event: 39.657 Thread 0x000002997f1793b0 Thread exited: 0x000002997f1793b0
Event: 40.371 Thread 0x000002997f17b480 Thread added: 0x000002997f179a40
Event: 40.392 Thread 0x000002997f179a40 Thread exited: 0x000002997f179a40
Event: 42.925 Thread 0x000002997e695c20 Thread exited: 0x000002997e695c20
Event: 42.925 Thread 0x000002997e696940 Thread exited: 0x000002997e696940
Event: 42.925 Thread 0x000002997e6962b0 Thread exited: 0x000002997e6962b0
Event: 42.927 Thread 0x000002997e695590 Thread exited: 0x000002997e695590


Dynamic libraries:
0x00007ff6df000000 - 0x00007ff6df00e000 	c:\Users\abbak\.antigravity\extensions\redhat.java-1.54.0-win32-x64\jre\21.0.10-win32-x86_64\bin\java.exe
0x00007ffa0f1f0000 - 0x00007ffa0f3e8000 	C:\WINDOWS\SYSTEM32\ntdll.dll
0x00007ff9ce1e0000 - 0x00007ff9ce201000 	C:\Program Files\Avast Software\Avast\aswhook.dll
0x00007ffa0ee70000 - 0x00007ffa0ef32000 	C:\WINDOWS\System32\KERNEL32.DLL
0x00007ffa0cb50000 - 0x00007ffa0ce46000 	C:\WINDOWS\System32\KERNELBASE.dll
0x00007ffa0d110000 - 0x00007ffa0d210000 	C:\WINDOWS\System32\ucrtbase.dll
0x00007ff9de740000 - 0x00007ff9de758000 	c:\Users\abbak\.antigravity\extensions\redhat.java-1.54.0-win32-x64\jre\21.0.10-win32-x86_64\bin\jli.dll
0x00007ffa0ef40000 - 0x00007ffa0f0e1000 	C:\WINDOWS\System32\USER32.dll
0x00007ffa0d0e0000 - 0x00007ffa0d102000 	C:\WINDOWS\System32\win32u.dll
0x00007ffa0ee40000 - 0x00007ffa0ee6b000 	C:\WINDOWS\System32\GDI32.dll
0x00007ffa0cf00000 - 0x00007ffa0d019000 	C:\WINDOWS\System32\gdi32full.dll
0x00007ffa0ca60000 - 0x00007ffa0cafd000 	C:\WINDOWS\System32\msvcp_win.dll
0x00007ff9c8f90000 - 0x00007ff9c8fae000 	c:\Users\abbak\.antigravity\extensions\redhat.java-1.54.0-win32-x64\jre\21.0.10-win32-x86_64\bin\VCRUNTIME140.dll
0x00007ff9ebdc0000 - 0x00007ff9ec05b000 	C:\WINDOWS\WinSxS\amd64_microsoft.windows.common-controls_6595b64144ccf1df_6.0.19041.6456_none_60b8a6cb71f64256\COMCTL32.dll
0x00007ffa0d340000 - 0x00007ffa0d3de000 	C:\WINDOWS\System32\msvcrt.dll
0x00007ffa0e4a0000 - 0x00007ffa0e4cf000 	C:\WINDOWS\System32\IMM32.DLL
0x00007ffa013e0000 - 0x00007ffa013ec000 	c:\Users\abbak\.antigravity\extensions\redhat.java-1.54.0-win32-x64\jre\21.0.10-win32-x86_64\bin\vcruntime140_1.dll
0x00007ff99cbd0000 - 0x00007ff99cc5d000 	c:\Users\abbak\.antigravity\extensions\redhat.java-1.54.0-win32-x64\jre\21.0.10-win32-x86_64\bin\msvcp140.dll
0x00007ff973f90000 - 0x00007ff974d31000 	c:\Users\abbak\.antigravity\extensions\redhat.java-1.54.0-win32-x64\jre\21.0.10-win32-x86_64\bin\server\jvm.dll
0x00007ffa0f0f0000 - 0x00007ffa0f1a1000 	C:\WINDOWS\System32\ADVAPI32.dll
0x00007ffa0d2a0000 - 0x00007ffa0d33f000 	C:\WINDOWS\System32\sechost.dll
0x00007ffa0e380000 - 0x00007ffa0e4a0000 	C:\WINDOWS\System32\RPCRT4.dll
0x00007ffa0d0b0000 - 0x00007ffa0d0d7000 	C:\WINDOWS\System32\bcrypt.dll
0x00007ffa0ed00000 - 0x00007ffa0ed6b000 	C:\WINDOWS\System32\WS2_32.dll
0x00007ffa0c6e0000 - 0x00007ffa0c72b000 	C:\WINDOWS\SYSTEM32\POWRPROF.dll
0x00007ff9ec060000 - 0x00007ff9ec087000 	C:\WINDOWS\SYSTEM32\WINMM.dll
0x00007ff9f96d0000 - 0x00007ff9f96da000 	C:\WINDOWS\SYSTEM32\VERSION.dll
0x00007ffa0c6c0000 - 0x00007ffa0c6d2000 	C:\WINDOWS\SYSTEM32\UMPDC.dll
0x00007ffa0b060000 - 0x00007ffa0b072000 	C:\WINDOWS\SYSTEM32\kernel.appcore.dll
0x00007ffa00cd0000 - 0x00007ffa00cda000 	c:\Users\abbak\.antigravity\extensions\redhat.java-1.54.0-win32-x64\jre\21.0.10-win32-x86_64\bin\jimage.dll
0x00007ffa0adf0000 - 0x00007ffa0aff1000 	C:\WINDOWS\SYSTEM32\DBGHELP.DLL
0x00007ff9f9360000 - 0x00007ff9f9394000 	C:\WINDOWS\SYSTEM32\dbgcore.DLL
0x00007ffa0d020000 - 0x00007ffa0d0a2000 	C:\WINDOWS\System32\bcryptPrimitives.dll
0x00007ff9ed7e0000 - 0x00007ff9ed7ef000 	c:\Users\abbak\.antigravity\extensions\redhat.java-1.54.0-win32-x64\jre\21.0.10-win32-x86_64\bin\instrument.dll
0x00007ff9b6460000 - 0x00007ff9b6480000 	c:\Users\abbak\.antigravity\extensions\redhat.java-1.54.0-win32-x64\jre\21.0.10-win32-x86_64\bin\java.dll
0x00007ffa0d9e0000 - 0x00007ffa0e150000 	C:\WINDOWS\System32\SHELL32.dll
0x00007ffa0a580000 - 0x00007ffa0ad25000 	C:\WINDOWS\SYSTEM32\windows.storage.dll
0x00007ffa0e9a0000 - 0x00007ffa0ecf4000 	C:\WINDOWS\System32\combase.dll
0x00007ffa0c160000 - 0x00007ffa0c18b000 	C:\WINDOWS\SYSTEM32\Wldp.dll
0x00007ffa0ed70000 - 0x00007ffa0ee3d000 	C:\WINDOWS\System32\OLEAUT32.dll
0x00007ffa0d670000 - 0x00007ffa0d71d000 	C:\WINDOWS\System32\SHCORE.dll
0x00007ffa0d560000 - 0x00007ffa0d5bb000 	C:\WINDOWS\System32\shlwapi.dll
0x00007ffa0c7b0000 - 0x00007ffa0c7d4000 	C:\WINDOWS\SYSTEM32\profapi.dll
0x00007ff9c60d0000 - 0x00007ff9c60e8000 	c:\Users\abbak\.antigravity\extensions\redhat.java-1.54.0-win32-x64\jre\21.0.10-win32-x86_64\bin\zip.dll
0x00007ff9ed340000 - 0x00007ff9ed350000 	C:\Users\abbak\.antigravity\extensions\redhat.java-1.54.0-win32-x64\jre\21.0.10-win32-x86_64\bin\net.dll
0x00007ff9fdb30000 - 0x00007ff9fdc3a000 	C:\WINDOWS\SYSTEM32\WINHTTP.dll
0x00007ffa0bf40000 - 0x00007ffa0bfaa000 	C:\WINDOWS\system32\mswsock.dll
0x00007ff9b4cc0000 - 0x00007ff9b4cd6000 	C:\Users\abbak\.antigravity\extensions\redhat.java-1.54.0-win32-x64\jre\21.0.10-win32-x86_64\bin\nio.dll
0x00007ff9e4d20000 - 0x00007ff9e4d30000 	c:\Users\abbak\.antigravity\extensions\redhat.java-1.54.0-win32-x64\jre\21.0.10-win32-x86_64\bin\verify.dll
0x00007ff9a3d50000 - 0x00007ff9a3d95000 	C:\Users\abbak\AppData\Roaming\Antigravity\User\globalStorage\redhat.java\1.54.0\config_win\org.eclipse.equinox.launcher\org.eclipse.equinox.launcher.win32.win32.x86_64_1.3.0.v20260203-2149\eclipse_11919.dll
0x00007ffa0d720000 - 0x00007ffa0d84b000 	C:\WINDOWS\System32\ole32.dll
0x00007ffa014b0000 - 0x00007ffa014ba000 	C:\Users\abbak\.antigravity\extensions\redhat.java-1.54.0-win32-x64\jre\21.0.10-win32-x86_64\bin\management.dll
0x00007ff9d6c00000 - 0x00007ff9d6c0c000 	C:\Users\abbak\.antigravity\extensions\redhat.java-1.54.0-win32-x64\jre\21.0.10-win32-x86_64\bin\management_ext.dll
0x00007ffa0d3e0000 - 0x00007ffa0d3e8000 	C:\WINDOWS\System32\PSAPI.DLL
0x00007ffa0c1a0000 - 0x00007ffa0c1b8000 	C:\WINDOWS\SYSTEM32\CRYPTSP.dll
0x00007ffa0b810000 - 0x00007ffa0b848000 	C:\WINDOWS\system32\rsaenh.dll
0x00007ffa0c730000 - 0x00007ffa0c75e000 	C:\WINDOWS\SYSTEM32\USERENV.dll
0x00007ffa0c0d0000 - 0x00007ffa0c0dc000 	C:\WINDOWS\SYSTEM32\CRYPTBASE.dll
0x00007ffa0bbd0000 - 0x00007ffa0bc0b000 	C:\WINDOWS\SYSTEM32\IPHLPAPI.DLL
0x00007ffa0d290000 - 0x00007ffa0d298000 	C:\WINDOWS\System32\NSI.dll
0x00007ffa040f0000 - 0x00007ffa04139000 	C:\Users\abbak\AppData\Local\Temp\jna-92598347\jna6904191672865936719.dll
0x00007ff9ffeb0000 - 0x00007ff9ffec7000 	C:\WINDOWS\SYSTEM32\dhcpcsvc6.DLL
0x00007ff9ffc60000 - 0x00007ff9ffc7d000 	C:\WINDOWS\SYSTEM32\dhcpcsvc.DLL
0x00007ffa014a0000 - 0x00007ffa014ae000 	C:\Users\abbak\.antigravity\extensions\redhat.java-1.54.0-win32-x64\jre\21.0.10-win32-x86_64\bin\sunmscapi.dll
0x00007ffa0c900000 - 0x00007ffa0ca5d000 	C:\WINDOWS\System32\CRYPT32.dll
0x00007ffa0c2b0000 - 0x00007ffa0c2d7000 	C:\WINDOWS\SYSTEM32\ncrypt.dll
0x00007ffa0c270000 - 0x00007ffa0c2ab000 	C:\WINDOWS\SYSTEM32\NTASN1.dll
0x00007ffa0bc10000 - 0x00007ffa0bcda000 	C:\WINDOWS\SYSTEM32\DNSAPI.dll
0x00007ff9f8980000 - 0x00007ff9f898a000 	C:\Windows\System32\rasadhlp.dll
0x00007ff9f9c00000 - 0x00007ff9f9c80000 	C:\WINDOWS\System32\fwpuclnt.dll
0x00007ff9d6320000 - 0x00007ff9d6329000 	C:\Users\abbak\.antigravity\extensions\redhat.java-1.54.0-win32-x64\jre\21.0.10-win32-x86_64\bin\extnet.dll

JVMTI agents:
c:\Users\abbak\.antigravity\extensions\redhat.java-1.54.0-win32-x64\lombok\lombok-1.18.39-4050.jar path:c:\Users\abbak\.antigravity\extensions\redhat.java-1.54.0-win32-x64\jre\21.0.10-win32-x86_64\bin\instrument.dll, loaded, initialized, instrumentlib options:none

dbghelp: loaded successfully - version: 4.0.5 - missing functions: none
symbol engine: initialized successfully - sym options: 0x614 - pdb path: .;c:\Users\abbak\.antigravity\extensions\redhat.java-1.54.0-win32-x64\jre\21.0.10-win32-x86_64\bin;C:\WINDOWS\SYSTEM32;C:\Program Files\Avast Software\Avast;C:\WINDOWS\WinSxS\amd64_microsoft.windows.common-controls_6595b64144ccf1df_6.0.19041.6456_none_60b8a6cb71f64256;c:\Users\abbak\.antigravity\extensions\redhat.java-1.54.0-win32-x64\jre\21.0.10-win32-x86_64\bin\server;C:\Users\abbak\AppData\Roaming\Antigravity\User\globalStorage\redhat.java\1.54.0\config_win\org.eclipse.equinox.launcher\org.eclipse.equinox.launcher.win32.win32.x86_64_1.3.0.v20260203-2149;C:\Users\abbak\AppData\Local\Temp\jna-92598347

VM Arguments:
jvm_args: --add-modules=ALL-SYSTEM --add-opens=java.base/java.util=ALL-UNNAMED --add-opens=java.base/java.lang=ALL-UNNAMED --add-opens=java.base/sun.nio.fs=ALL-UNNAMED -Declipse.application=org.eclipse.jdt.ls.core.id1 -Dosgi.bundles.defaultStartLevel=4 -Declipse.product=org.eclipse.jdt.ls.core.product -Djava.import.generatesMetadataFilesAtProjectRoot=false -DDetectVMInstallationsJob.disabled=true -Dfile.encoding=utf8 -XX:+UseParallelGC -XX:GCTimeRatio=4 -XX:AdaptiveSizePolicyWeight=90 -Dsun.zip.disableMemoryMapping=true -Xmx2G -Xms100m -Xlog:disable -javaagent:c:\Users\abbak\.antigravity\extensions\redhat.java-1.54.0-win32-x64\lombok\lombok-1.18.39-4050.jar -XX:+HeapDumpOnOutOfMemoryError -XX:HeapDumpPath=c:\Users\abbak\AppData\Roaming\Antigravity\User\workspaceStorage\c9649ad97d6029ecd1b4d14c217347ca\redhat.java -Daether.dependencyCollector.impl=bf 
java_command: c:\Users\abbak\.antigravity\extensions\redhat.java-1.54.0-win32-x64\server\plugins\org.eclipse.equinox.launcher_1.7.100.v20251111-0406.jar -configuration c:\Users\abbak\AppData\Roaming\Antigravity\User\globalStorage\redhat.java\1.54.0\config_win -data c:\Users\abbak\AppData\Roaming\Antigravity\User\workspaceStorage\c9649ad97d6029ecd1b4d14c217347ca\redhat.java\jdt_ws --pipe=\\.\pipe\lsp-7d80cf264de01040d23a18c51dc31902-sock
java_class_path (initial): c:\Users\abbak\.antigravity\extensions\redhat.java-1.54.0-win32-x64\server\plugins\org.eclipse.equinox.launcher_1.7.100.v20251111-0406.jar
Launcher Type: SUN_STANDARD

[Global flags]
    uintx AdaptiveSizePolicyWeight                 = 90                                        {product} {command line}
     intx CICompilerCount                          = 3                                         {product} {ergonomic}
    uintx GCTimeRatio                              = 4                                         {product} {command line}
     bool HeapDumpOnOutOfMemoryError               = true                                   {manageable} {command line}
    ccstr HeapDumpPath                             = c:\Users\abbak\AppData\Roaming\Antigravity\User\workspaceStorage\c9649ad97d6029ecd1b4d14c217347ca\redhat.java         {manageable} {command line}
   size_t InitialHeapSize                          = 104857600                                 {product} {command line}
   size_t MaxHeapSize                              = 2147483648                                {product} {command line}
   size_t MaxNewSize                               = 715653120                                 {product} {ergonomic}
   size_t MinHeapDeltaBytes                        = 524288                                    {product} {ergonomic}
   size_t MinHeapSize                              = 104857600                                 {product} {command line}
   size_t NewSize                                  = 34603008                                  {product} {ergonomic}
    uintx NonNMethodCodeHeapSize                   = 5832780                                {pd product} {ergonomic}
    uintx NonProfiledCodeHeapSize                  = 122912730                              {pd product} {ergonomic}
   size_t OldSize                                  = 70254592                                  {product} {ergonomic}
    uintx ProfiledCodeHeapSize                     = 122912730                              {pd product} {ergonomic}
    uintx ReservedCodeCacheSize                    = 251658240                              {pd product} {ergonomic}
     bool SegmentedCodeCache                       = true                                      {product} {ergonomic}
   size_t SoftMaxHeapSize                          = 2147483648                             {manageable} {ergonomic}
     bool UseCompressedOops                        = true                           {product lp64_product} {ergonomic}
     bool UseLargePagesIndividualAllocation        = false                                  {pd product} {ergonomic}
     bool UseParallelGC                            = true                                      {product} {command line}

Logging:
Log output configuration:
 #0: stdout all=off uptime,level,tags foldmultilines=false
 #1: stderr all=off uptime,level,tags foldmultilines=false

Release file:
JAVA_VERSION="21.0.10" 
MODULES="java.base java.compiler java.datatransfer java.xml java.prefs java.desktop java.instrument java.logging java.management java.security.sasl java.naming java.rmi java.management.rmi java.net.http java.scripting java.security.jgss java.transaction.xa java.sql java.sql.rowset java.xml.crypto java.se java.smartcardio jdk.accessibility jdk.internal.jvmstat jdk.attach jdk.charsets jdk.internal.opt jdk.zipfs jdk.compiler jdk.crypto.ec jdk.crypto.cryptoki jdk.crypto.mscapi jdk.dynalink jdk.internal.ed jdk.editpad jdk.hotspot.agent jdk.httpserver jdk.internal.le jdk.internal.vm.ci jdk.internal.vm.compiler jdk.internal.vm.compiler.management jdk.jartool jdk.javadoc jdk.jcmd jdk.management jdk.management.agent jdk.jconsole jdk.jdeps jdk.jdwp.agent jdk.jdi jdk.jfr jdk.jshell jdk.jsobject jdk.jstatd jdk.localedata jdk.management.jfr jdk.naming.dns jdk.naming.rmi jdk.net jdk.nio.mapmode jdk.random jdk.sctp jdk.security.auth jdk.security.jgss jdk.unsupported jdk.unsupported.desktop jdk.xml.dom" 

Environment Variables:
JAVA_HOME=C:\Program Files\Eclipse Adoptium\jdk-17.0.17.10-hotspot\
PATH=C:\Program Files\Eclipse Adoptium\jdk-17.0.17.10-hotspot\bin;C:\Program Files (x86)\VMware\VMware Workstation\bin\;C:\Python312\Scripts\;C:\WINDOWS\system32;C:\WINDOWS;C:\WINDOWS\System32\Wbem;C:\WINDOWS\System32\WindowsPowerShell\v1.0\;C:\WINDOWS\System32\OpenSSH\;C:\Program Files\nodejs\;C:\ProgramData\chocolatey\bin;C:\Program Files\GTK3-Runtime Win64\bin;C:\Program Files\GTK3-Runtime Win64\bin;C:\Program Files\Git\cmd;C:\Users\abbak\AppData\Local\Android\Sdk\platform-tools;C:\Users\abbak\AppData\Local\Android\Sdk\tools;C:\Users\abbak\AppData\Local\Android\Sdk\tools\bin;C:\Program Files\Tesseract-OCR;C:\Program Files\Eclipse Adoptium\jdk-17.0.17.10-hotspot\\bin;C:\Program Files\Go\bin;C:\Program Files\Go\bin;;C:\Program Files\Docker\Docker\resources\bin;C:\Users\abbak\.cargo\bin;C:\Users\abbak\AppData\Local\Programs\Python\Python312\Scripts\;C:\Users\abbak\AppData\Local\Programs\Python\Python312\;C:\Users\abbak\AppData\Local\Programs\Python\Python311\Scripts\;C:\Users\abbak\AppData\Local\Programs\Python\Python311\;C:\Users\abbak\AppData\Local\Microsoft\WindowsApps;C:\Users\abbak\AppData\Roaming\npm;C:\Program Files\GTK3-Runtime Win64\bin;C:\Users\abbak\AppData\Local\GitHubDesktop\bin;C:\flutter\bin;C:\Users\abbak\Desktop\RIHO-TEMP-PRO\Windsurf\bin;C:\Users\abbak\Desktop\zamp\Microsoft VS Code\bin;C:\Users\abbak\go\bin;C:\Users\abbak\AppData\Local\Programs\Antigravity\bin
USERNAME=abbak
OS=Windows_NT
PROCESSOR_IDENTIFIER=Intel64 Family 6 Model 78 Stepping 3, GenuineIntel
TMP=C:\Users\abbak\AppData\Local\Temp
TEMP=C:\Users\abbak\AppData\Local\Temp




Periodic native trim disabled

---------------  S Y S T E M  ---------------

OS:
 Windows 10 , 64 bit Build 19041 (10.0.19041.5915)
OS uptime: 0 days 0:45 hours
Hyper-V role detected

CPU: total 4 (initial active 4) (2 cores per cpu, 2 threads per core) family 6 model 78 stepping 3 microcode 0xcc, cx8, cmov, fxsr, ht, mmx, 3dnowpref, sse, sse2, sse3, ssse3, sse4.1, sse4.2, popcnt, lzcnt, tsc, tscinvbit, avx, avx2, aes, erms, clmul, bmi1, bmi2, rtm, adx, fma, vzeroupper, clflush, clflushopt, hv, rdtscp, f16c
Processor Information for the first 4 processors :
  Max Mhz: 2496, Current Mhz: 2396, Mhz Limit: 2396

Memory: 4k page, system-wide physical 8039M (340M free)
TotalPageFile size 16782M (AvailPageFile size 21M)
current process WorkingSet (physical memory assigned to process): 215M, peak: 229M
current process commit charge ("private bytes"): 314M, peak: 330M

vm_info: OpenJDK 64-Bit Server VM (21.0.10+7-LTS) for windows-amd64 JRE (21.0.10+7-LTS), built on 2026-01-20T00:00:00Z by "admin" with MS VC++ 17.12 (VS2022)

END.
